  ControlWindow.cpp
  Main.cpp
cl : командная строка warning D9025: переопределение "/sdl" на "/GS-"
C:\Users\MushroomEater\Desktop\HVNC LAST TO BEAR DEBIL\SilentRDP\Main.cpp(13,1): warning C4996: 'freopen': This function or variable may be unsafe. Consider using freopen_s instead. To disable deprecation, use _CRT_SECURE_NO_WARNINGS. See online help for details.
C:\Program Files (x86)\Windows Kits\10\Include\10.0.18362.0\ucrt\stdio.h(243): message : см. объявление "freopen"
C:\Users\MushroomEater\Desktop\HVNC LAST TO BEAR DEBIL\SilentRDP\Main.cpp(14,1): warning C4996: 'freopen': This function or variable may be unsafe. Consider using freopen_s instead. To disable deprecation, use _CRT_SECURE_NO_WARNINGS. See online help for details.
C:\Program Files (x86)\Windows Kits\10\Include\10.0.18362.0\ucrt\stdio.h(243): message : см. объявление "freopen"
C:\Users\MushroomEater\Desktop\HVNC LAST TO BEAR DEBIL\SilentRDP\Main.cpp(15,1): warning C4996: 'freopen': This function or variable may be unsafe. Consider using freopen_s instead. To disable deprecation, use _CRT_SECURE_NO_WARNINGS. See online help for details.
  Server.cpp
C:\Program Files (x86)\Windows Kits\10\Include\10.0.18362.0\ucrt\stdio.h(243): message : см. объявление "freopen"
C:\Users\MushroomEater\Desktop\HVNC LAST TO BEAR DEBIL\SilentRDP\Server.cpp(77,17): warning C4244: аргумент: преобразование "WPARAM" в "int", возможна потеря данных
C:\Users\MushroomEater\Desktop\HVNC LAST TO BEAR DEBIL\SilentRDP\Server.cpp(79,17): warning C4244: аргумент: преобразование "LPARAM" в "int", возможна потеря данных
C:\Users\MushroomEater\Desktop\HVNC LAST TO BEAR DEBIL\SilentRDP\Server.cpp(280,15): warning C4244: аргумент: преобразование "WPARAM" в "int", возможна потеря данных
C:\Users\MushroomEater\Desktop\HVNC LAST TO BEAR DEBIL\SilentRDP\Server.cpp(399,32): warning C4018: >: несоответствие типов со знаком и без знака
C:\Users\MushroomEater\Desktop\HVNC LAST TO BEAR DEBIL\SilentRDP\Server.cpp(400,34): warning C4018: >: несоответствие типов со знаком и без знака
C:\Users\MushroomEater\Desktop\HVNC LAST TO BEAR DEBIL\SilentRDP\Server.cpp(589,5): warning C4129: s: неизвестная escape-последовательность
C:\Users\MushroomEater\Desktop\HVNC LAST TO BEAR DEBIL\SilentRDP\Server.cpp(590,5): warning C4129: h: неизвестная escape-последовательность
C:\Users\MushroomEater\Desktop\HVNC LAST TO BEAR DEBIL\SilentRDP\Server.cpp(591,5): warning C4129: c: неизвестная escape-последовательность
C:\Users\MushroomEater\Desktop\HVNC LAST TO BEAR DEBIL\SilentRDP\Server.cpp(592,5): warning C4129: g: неизвестная escape-последовательность
C:\Users\MushroomEater\Desktop\HVNC LAST TO BEAR DEBIL\SilentRDP\Server.cpp(593,5): warning C4129: s: неизвестная escape-последовательность
  Создание кода
  Previous IPDB not found, fall back to full compilation.
  All 262 functions were compiled because no usable IPDB/IOBJ from previous compilation was found.
  Создание кода завершено
  SilentRDP.vcxproj -> C:\Users\MushroomEater\Desktop\HVNC LAST TO BEAR DEBIL\x64\Release\SilentServer.exe
